08-03-2025 10:33:40 [[32minfo[39m]: Página de homepage renderizada.
08-03-2025 10:33:48 [[32minfo[39m]: Página de login renderizada.
08-03-2025 10:37:07 [[32minfo[39m]: Página de cadastro renderizada.
08-03-2025 10:37:28 [[32minfo[39m]: Página de cadastro renderizada.
08-03-2025 10:38:10 [[32minfo[39m]: Cadastro do usuário com nome Gabriel Ferreira e email gfo2130626@gmail.com realizado com sucesso.
08-03-2025 10:38:10 [[32minfo[39m]: Página de homepage renderizada.
08-03-2025 10:38:10 [[32minfo[39m]: Página de login renderizada.
08-03-2025 10:38:19 [[32minfo[39m]: Login realizado com sucesso.
08-03-2025 10:38:19 [[32minfo[39m]: Plantas encontradas. Renderizando a página home com a lista delas.
08-03-2025 10:38:20 [[32minfo[39m]: Plantas encontradas. Renderizando a página home com a lista delas.
08-03-2025 10:38:31 [[32minfo[39m]: Página de conta renderizada.
08-03-2025 10:38:38 [[32minfo[39m]: Plantas encontradas. Renderizando a página home com a lista delas.
08-03-2025 10:38:38 [[32minfo[39m]: Plantas encontradas. Renderizando a página home com a lista delas.
08-03-2025 10:39:08 [[32minfo[39m]: Logout realizado com sucesso, assim a página de login será renderizada.
08-03-2025 10:39:08 [[32minfo[39m]: Página de login renderizada.
08-03-2025 10:43:37 [[32minfo[39m]: Página de homepage renderizada.
08-03-2025 11:06:30 [[32minfo[39m]: Página de homepage renderizada.
08-03-2025 11:07:42 [[32minfo[39m]: Página de login renderizada.
08-03-2025 11:07:51 [[32minfo[39m]: Página de cadastro renderizada.
08-03-2025 11:08:06 [[32minfo[39m]: Página de cadastro renderizada.
08-03-2025 11:08:14 [[32minfo[39m]: Página de cadastro renderizada.
08-03-2025 11:08:26 [[32minfo[39m]: Página de cadastro renderizada.
08-03-2025 11:08:47 [[32minfo[39m]: Página de cadastro renderizada.
08-03-2025 11:09:15 [[32minfo[39m]: Página de cadastro renderizada.
08-03-2025 11:09:31 [[32minfo[39m]: Página de cadastro renderizada.
08-03-2025 11:09:47 [[32minfo[39m]: Página de cadastro renderizada.
08-03-2025 11:10:17 [[32minfo[39m]: Página de cadastro renderizada.
08-03-2025 11:10:28 [[32minfo[39m]: Página de cadastro renderizada.
08-03-2025 11:10:47 [[32minfo[39m]: Página de cadastro renderizada.
08-03-2025 11:10:56 [[32minfo[39m]: Página de cadastro renderizada.
08-03-2025 11:12:53 [[32minfo[39m]: Página de cadastro renderizada.
08-03-2025 11:13:11 [[32minfo[39m]: Página de cadastro renderizada.
08-03-2025 11:26:48 [[32minfo[39m]: Página de cadastro renderizada.
08-03-2025 11:35:11 [[32minfo[39m]: Página de cadastro renderizada.
08-03-2025 11:35:52 [[32minfo[39m]: Página de cadastro renderizada.
08-03-2025 11:38:31 [[32minfo[39m]: Página de cadastro renderizada.
08-03-2025 11:39:29 [[32minfo[39m]: Página de cadastro renderizada.
08-03-2025 11:39:50 [[32minfo[39m]: Página de cadastro renderizada.
08-03-2025 11:40:00 [[32minfo[39m]: Página de cadastro renderizada.
08-03-2025 11:40:41 [[32minfo[39m]: Página de cadastro renderizada.
08-03-2025 11:41:43 [[32minfo[39m]: Página de cadastro renderizada.
08-03-2025 11:41:52 [[32minfo[39m]: Página de cadastro renderizada.
08-03-2025 11:44:48 [[32minfo[39m]: Página de cadastro renderizada.
08-03-2025 11:46:27 [[32minfo[39m]: Página de cadastro renderizada.
08-03-2025 11:46:35 [[32minfo[39m]: Página de cadastro renderizada.
08-03-2025 11:46:59 [[32minfo[39m]: Página de cadastro renderizada.
08-03-2025 11:47:48 [[32minfo[39m]: Página de cadastro renderizada.
08-03-2025 11:50:37 [[32minfo[39m]: Página de cadastro renderizada.
08-03-2025 11:56:00 [[32minfo[39m]: Página de cadastro renderizada.
08-03-2025 11:56:14 [[32minfo[39m]: Página de cadastro renderizada.
08-03-2025 11:56:20 [[32minfo[39m]: Página de cadastro renderizada.
08-03-2025 12:07:49 [[32minfo[39m]: Página de login renderizada.
08-03-2025 12:08:09 [[32minfo[39m]: Página de login renderizada.
08-03-2025 12:08:36 [[32minfo[39m]: Página de login renderizada.
08-03-2025 12:10:36 [[32minfo[39m]: Página de login renderizada.
08-03-2025 12:11:02 [[32minfo[39m]: Página de login renderizada.
08-03-2025 12:11:04 [[32minfo[39m]: Página de login renderizada.
08-03-2025 12:11:15 [[32minfo[39m]: Página de login renderizada.
08-03-2025 12:11:22 [[32minfo[39m]: Página de login renderizada.
08-03-2025 12:12:33 [[32minfo[39m]: Página de login renderizada.
08-03-2025 12:14:31 [[32minfo[39m]: Página de login renderizada.
08-03-2025 12:14:38 [[32minfo[39m]: Página de login renderizada.
08-03-2025 12:14:45 [[32minfo[39m]: Página de login renderizada.
08-03-2025 12:14:56 [[32minfo[39m]: Página de login renderizada.
08-03-2025 12:15:14 [[32minfo[39m]: Página de login renderizada.
08-03-2025 12:15:31 [[32minfo[39m]: Página de login renderizada.
08-03-2025 12:15:37 [[32minfo[39m]: Página de login renderizada.
08-03-2025 12:15:45 [[32minfo[39m]: Página de login renderizada.
08-03-2025 12:15:56 [[32minfo[39m]: Página de login renderizada.
08-03-2025 12:16:07 [[32minfo[39m]: Página de login renderizada.
08-03-2025 12:16:08 [[32minfo[39m]: Página de login renderizada.
08-03-2025 12:18:02 [[32minfo[39m]: Página de login renderizada.
08-03-2025 12:18:33 [[32minfo[39m]: Página de login renderizada.
08-03-2025 12:18:47 [[32minfo[39m]: Página de login renderizada.
08-03-2025 12:18:54 [[32minfo[39m]: Página de login renderizada.
08-03-2025 12:19:02 [[32minfo[39m]: Página de login renderizada.
08-03-2025 12:19:21 [[32minfo[39m]: Página de login renderizada.
08-03-2025 12:19:52 [[32minfo[39m]: Página de login renderizada.
08-03-2025 12:19:57 [[32minfo[39m]: Página de login renderizada.
08-03-2025 12:20:03 [[32minfo[39m]: Página de login renderizada.
08-03-2025 12:20:27 [[32minfo[39m]: Página de login renderizada.
08-03-2025 12:21:02 [[32minfo[39m]: Login realizado com sucesso.
08-03-2025 12:21:02 [[32minfo[39m]: Plantas encontradas. Renderizando a página home com a lista delas.
08-03-2025 12:21:03 [[32minfo[39m]: Plantas encontradas. Renderizando a página home com a lista delas.
08-03-2025 12:21:06 [[32minfo[39m]: Logout realizado com sucesso, assim a página de login será renderizada.
08-03-2025 12:21:06 [[32minfo[39m]: Página de login renderizada.
08-03-2025 12:21:25 [[32minfo[39m]: Página de login renderizada.
08-03-2025 12:21:29 [[32minfo[39m]: Página de login renderizada.
08-03-2025 12:22:21 [[32minfo[39m]: Página de login renderizada.
08-03-2025 12:22:27 [[32minfo[39m]: Página de login renderizada.
08-03-2025 12:22:32 [[32minfo[39m]: Página de login renderizada.
08-03-2025 12:22:38 [[32minfo[39m]: Página de login renderizada.
08-03-2025 12:22:46 [[32minfo[39m]: Página de login renderizada.
08-03-2025 12:23:45 [[32minfo[39m]: Página de login renderizada.
08-03-2025 12:23:55 [[32minfo[39m]: Página de login renderizada.
08-03-2025 12:24:00 [[32minfo[39m]: Página de login renderizada.
08-03-2025 12:25:07 [[32minfo[39m]: Página de login renderizada.
08-03-2025 12:25:15 [[32minfo[39m]: Página de login renderizada.
08-03-2025 12:25:22 [[32minfo[39m]: Página de login renderizada.
08-03-2025 12:25:58 [[32minfo[39m]: Página de login renderizada.
08-03-2025 12:26:03 [[32minfo[39m]: Página de login renderizada.
08-03-2025 12:26:09 [[32minfo[39m]: Página de login renderizada.
08-03-2025 12:26:16 [[32minfo[39m]: Página de login renderizada.
08-03-2025 12:26:28 [[32minfo[39m]: Página de login renderizada.
08-03-2025 12:26:53 [[32minfo[39m]: Página de cadastro renderizada.
08-03-2025 12:28:56 [[32minfo[39m]: Página de cadastro renderizada.
08-03-2025 12:31:06 [[32minfo[39m]: Página de cadastro renderizada.
08-03-2025 12:31:17 [[32minfo[39m]: Página de cadastro renderizada.
08-03-2025 12:31:46 [[32minfo[39m]: Página de cadastro renderizada.
08-03-2025 12:31:59 [[32minfo[39m]: Página de cadastro renderizada.
08-03-2025 12:32:13 [[32minfo[39m]: Página de cadastro renderizada.
08-03-2025 12:32:19 [[32minfo[39m]: Página de cadastro renderizada.
08-03-2025 12:32:20 [[32minfo[39m]: Página de cadastro renderizada.
08-03-2025 12:36:49 [[32minfo[39m]: Página de cadastro renderizada.
08-03-2025 12:38:53 [[32minfo[39m]: Página de cadastro renderizada.
08-03-2025 12:39:57 [[32minfo[39m]: Página de cadastro renderizada.
08-03-2025 12:40:00 [[32minfo[39m]: Página de cadastro renderizada.
08-03-2025 12:40:10 [[32minfo[39m]: Página de cadastro renderizada.
08-03-2025 12:40:50 [[32minfo[39m]: Página de cadastro renderizada.
08-03-2025 12:41:27 [[32minfo[39m]: Página de cadastro renderizada.
08-03-2025 12:41:39 [[32minfo[39m]: Página de cadastro renderizada.
08-03-2025 12:41:40 [[32minfo[39m]: Página de cadastro renderizada.
08-03-2025 12:41:40 [[32minfo[39m]: Página de cadastro renderizada.
08-03-2025 12:41:41 [[32minfo[39m]: Página de cadastro renderizada.
08-03-2025 12:41:55 [[32minfo[39m]: Página de cadastro renderizada.
08-03-2025 12:42:22 [[32minfo[39m]: Página de cadastro renderizada.
08-03-2025 12:42:28 [[32minfo[39m]: Página de cadastro renderizada.
08-03-2025 12:42:59 [[32minfo[39m]: Página de cadastro renderizada.
08-03-2025 12:43:06 [[32minfo[39m]: Página de cadastro renderizada.
08-03-2025 12:43:17 [[32minfo[39m]: Página de cadastro renderizada.
08-03-2025 12:43:29 [[32minfo[39m]: Página de cadastro renderizada.
08-03-2025 12:43:51 [[32minfo[39m]: Página de cadastro renderizada.
08-03-2025 12:44:07 [[32minfo[39m]: Página esq_senha.html renderizada.
08-03-2025 12:44:16 [[32minfo[39m]: Página esq_senha.html renderizada.
08-03-2025 12:44:22 [[32minfo[39m]: Página esq_senha.html renderizada.
08-03-2025 12:44:31 [[32minfo[39m]: Página esq_senha.html renderizada.
08-03-2025 12:44:44 [[32minfo[39m]: Login realizado com sucesso.
08-03-2025 12:44:44 [[32minfo[39m]: Plantas encontradas. Renderizando a página home com a lista delas.
08-03-2025 12:44:44 [[32minfo[39m]: Plantas encontradas. Renderizando a página home com a lista delas.
08-03-2025 12:45:06 [[32minfo[39m]: Página de conta renderizada.
08-03-2025 12:45:13 [[32minfo[39m]: Página de conta renderizada.
08-03-2025 12:45:16 [[32minfo[39m]: Página de conta renderizada.
08-03-2025 12:45:18 [[32minfo[39m]: Plantas encontradas. Renderizando a página home com a lista delas.
08-03-2025 12:45:19 [[32minfo[39m]: Plantas encontradas. Renderizando a página home com a lista delas.
08-03-2025 12:45:23 [[32minfo[39m]: Página de conta renderizada.
08-03-2025 12:45:25 [[32minfo[39m]: Plantas encontradas. Renderizando a página home com a lista delas.
08-03-2025 12:45:26 [[32minfo[39m]: Plantas encontradas. Renderizando a página home com a lista delas.
